1411975021 [NOTICE] {"from_server":true,"nick":"fresa.chatsfree.net","ident":"","hostname":"","target":"cf_6060","msg":" Your host is fresa.chatsfree.net, running version InspIRCd-2.0","numeric":2}
1411975021 [NOTICE] {"from_server":true,"nick":"fresa.chatsfree.net","ident":"","hostname":"","target":"cf_6060","msg":"fresa.chatsfree.net, InspIRCd-2.0, IRiorswx, MRbiklmnoprstvw bklovw","numeric":4}
1411975021 [NOTICE] {"from_server":true,"nick":"fresa.chatsfree.net","ident":"","hostname":"","target":"cf_6060","msg":" There are 7 users and 0 invisible on 2 servers","numeric":251}
1411975021 [NOTICE] {"from_server":true,"nick":"fresa.chatsfree.net","ident":"","hostname":"","target":"cf_6060","msg":"1 channels formed","numeric":254}
1411975021 [NOTICE] {"from_server":true,"nick":"fresa.chatsfree.net","ident":"","hostname":"","target":"cf_6060","msg":" I have 1 clients and 1 servers","numeric":255}
1411975021 [NOTICE] {"from_server":true,"nick":"fresa.chatsfree.net","ident":"","hostname":"","target":"cf_6060","msg":" Current Local Users: 1  Max: 5","numeric":265}
1411975021 [NOTICE] {"from_server":true,"nick":"fresa.chatsfree.net","ident":"","hostname":"","target":"cf_6060","msg":" Current Global Users: 7  Max: 11","numeric":266}
1411975021 [MESSAGE] {"hostname":"","target":"cf_6060","msg":"*** Raw I/O logging is enabled on this server. All messages, passwords, and commands are being recorded."}
1411975021 [NOTICE] {"from_server":true,"nick":"fresa.chatsfree.net","ident":"","hostname":"","target":"cf_6060","msg":"chat-smc.gqs.0vgv7k.IP is now your displayed host","numeric":396}
1411975021 [NOTICE] {"from_server":false,"nick":"NickServ","ident":"services","hostname":"services.host","target":"cf_6060","msg":"Your nickname is not registered. To register it, visit : http://www.chatsfree.net/register"}
1411975021 [JOIN] {"nick":"cf_6060","ident":"cf_6060","hostname":"chat-smc.gqs.0vgv7k.IP","channel":"#chatsfree"}
1411975084 [NOTICE] {"from_server":true,"nick":"fresa.chatsfree.net","ident":"","hostname":"","target":"cf_13661","msg":" Your host is fresa.chatsfree.net, running version InspIRCd-2.0","numeric":2}
1411975084 [NOTICE] {"from_server":true,"nick":"fresa.chatsfree.net","ident":"","hostname":"","target":"cf_13661","msg":"fresa.chatsfree.net, InspIRCd-2.0, IRiorswx, MRbiklmnoprstvw bklovw","numeric":4}
1411975084 [NOTICE] {"from_server":true,"nick":"fresa.chatsfree.net","ident":"","hostname":"","target":"cf_13661","msg":" There are 8 users and 0 invisible on 2 servers","numeric":251}
1411975084 [NOTICE] {"from_server":true,"nick":"fresa.chatsfree.net","ident":"","hostname":"","target":"cf_13661","msg":"2 channels formed","numeric":254}
1411975084 [NOTICE] {"from_server":true,"nick":"fresa.chatsfree.net","ident":"","hostname":"","target":"cf_13661","msg":" I have 2 clients and 1 servers","numeric":255}
1411975084 [NOTICE] {"from_server":true,"nick":"fresa.chatsfree.net","ident":"","hostname":"","target":"cf_13661","msg":" Current Local Users: 2  Max: 5","numeric":265}
1411975084 [NOTICE] {"from_server":true,"nick":"fresa.chatsfree.net","ident":"","hostname":"","target":"cf_13661","msg":" Current Global Users: 8  Max: 11","numeric":266}
1411975084 [MESSAGE] {"hostname":"","target":"cf_13661","msg":"*** Raw I/O logging is enabled on this server. All messages, passwords, and commands are being recorded."}
1411975084 [NOTICE] {"from_server":true,"nick":"fresa.chatsfree.net","ident":"","hostname":"","target":"cf_13661","msg":"chat-smc.gqs.0vgv7k.IP is now your displayed host","numeric":396}
1411975084 [NOTICE] {"from_server":false,"nick":"NickServ","ident":"services","hostname":"services.host","target":"cf_13661","msg":"Your nickname is not registered. To register it, visit : http://www.chatsfree.net/register"}
1411975084 [JOIN] {"nick":"cf_13661","ident":"cf_13661","hostname":"chat-smc.gqs.0vgv7k.IP","channel":"#chatsfree"}
1411975084 [JOIN] {"nick":"cf_13661","ident":"cf_13661","hostname":"chat-smc.gqs.0vgv7k.IP","channel":"#chatsfree"}
1411975136 [NOTICE] {"from_server":true,"nick":"fresa.chatsfree.net","ident":"","hostname":"","target":"cf_5775","msg":" Your host is fresa.chatsfree.net, running version InspIRCd-2.0","numeric":2}
1411975136 [NOTICE] {"from_server":true,"nick":"fresa.chatsfree.net","ident":"","hostname":"","target":"cf_5775","msg":"fresa.chatsfree.net, InspIRCd-2.0, IRiorswx, MRbiklmnoprstvw bklovw","numeric":4}
1411975136 [NOTICE] {"from_server":true,"nick":"fresa.chatsfree.net","ident":"","hostname":"","target":"cf_5775","msg":" There are 8 users and 0 invisible on 2 servers","numeric":251}
1411975136 [NOTICE] {"from_server":true,"nick":"fresa.chatsfree.net","ident":"","hostname":"","target":"cf_5775","msg":"2 channels formed","numeric":254}
1411975136 [NOTICE] {"from_server":true,"nick":"fresa.chatsfree.net","ident":"","hostname":"","target":"cf_5775","msg":" I have 2 clients and 1 servers","numeric":255}
1411975136 [NOTICE] {"from_server":true,"nick":"fresa.chatsfree.net","ident":"","hostname":"","target":"cf_5775","msg":" Current Local Users: 2  Max: 5","numeric":265}
1411975136 [NOTICE] {"from_server":true,"nick":"fresa.chatsfree.net","ident":"","hostname":"","target":"cf_5775","msg":" Current Global Users: 8  Max: 11","numeric":266}
1411975136 [MESSAGE] {"hostname":"","target":"cf_5775","msg":"*** Raw I/O logging is enabled on this server. All messages, passwords, and commands are being recorded."}
1411975136 [NOTICE] {"from_server":true,"nick":"fresa.chatsfree.net","ident":"","hostname":"","target":"cf_5775","msg":"chat-smc.gqs.0vgv7k.IP is now your displayed host","numeric":396}
1411975136 [NOTICE] {"from_server":false,"nick":"NickServ","ident":"services","hostname":"services.host","target":"cf_5775","msg":"Your nickname is not registered. To register it, visit : http://www.chatsfree.net/register"}
1411975136 [JOIN] {"nick":"cf_5775","ident":"cf_5775","hostname":"chat-smc.gqs.0vgv7k.IP","channel":"#chatsfree"}
1411975136 [JOIN] {"nick":"cf_5775","ident":"cf_5775","hostname":"chat-smc.gqs.0vgv7k.IP","channel":"#chatsfree"}
1411975539 [NOTICE] {"from_server":true,"nick":"fresa.chatsfree.net","ident":"","hostname":"","target":"cf_93636","msg":" Your host is fresa.chatsfree.net, running version InspIRCd-2.0","numeric":2}
1411975539 [NOTICE] {"from_server":true,"nick":"fresa.chatsfree.net","ident":"","hostname":"","target":"cf_93636","msg":"fresa.chatsfree.net, InspIRCd-2.0, IRiorswx, MRbiklmnoprstvw bklovw","numeric":4}
1411975539 [NOTICE] {"from_server":true,"nick":"fresa.chatsfree.net","ident":"","hostname":"","target":"cf_93636","msg":" There are 8 users and 0 invisible on 2 servers","numeric":251}
1411975539 [NOTICE] {"from_server":true,"nick":"fresa.chatsfree.net","ident":"","hostname":"","target":"cf_93636","msg":"2 channels formed","numeric":254}
1411975539 [NOTICE] {"from_server":true,"nick":"fresa.chatsfree.net","ident":"","hostname":"","target":"cf_93636","msg":" I have 2 clients and 1 servers","numeric":255}
1411975539 [NOTICE] {"from_server":true,"nick":"fresa.chatsfree.net","ident":"","hostname":"","target":"cf_93636","msg":" Current Local Users: 2  Max: 5","numeric":265}
1411975539 [NOTICE] {"from_server":true,"nick":"fresa.chatsfree.net","ident":"","hostname":"","target":"cf_93636","msg":" Current Global Users: 8  Max: 11","numeric":266}
1411975539 [MESSAGE] {"hostname":"","target":"cf_93636","msg":"*** Raw I/O logging is enabled on this server. All messages, passwords, and commands are being recorded."}
1411975539 [NOTICE] {"from_server":true,"nick":"fresa.chatsfree.net","ident":"","hostname":"","target":"cf_93636","msg":"chat-smc.gqs.0vgv7k.IP is now your displayed host","numeric":396}
1411975539 [NOTICE] {"from_server":false,"nick":"NickServ","ident":"services","hostname":"services.host","target":"cf_93636","msg":"Your nickname is not registered. To register it, visit : http://www.chatsfree.net/register"}
1411975539 [JOIN] {"nick":"cf_93636","ident":"cf_93636","hostname":"chat-smc.gqs.0vgv7k.IP","channel":"#chatsfree"}
1411975539 [JOIN] {"nick":"cf_93636","ident":"cf_93636","hostname":"chat-smc.gqs.0vgv7k.IP","channel":"#chatsfree"}
1411975666 [NOTICE] {"from_server":true,"nick":"fresa.chatsfree.net","ident":"","hostname":"","target":"cf_52080","msg":" Your host is fresa.chatsfree.net, running version InspIRCd-2.0","numeric":2}
1411975666 [NOTICE] {"from_server":true,"nick":"fresa.chatsfree.net","ident":"","hostname":"","target":"cf_52080","msg":"fresa.chatsfree.net, InspIRCd-2.0, IRiorswx, MRbiklmnoprstvw bklovw","numeric":4}
1411975666 [NOTICE] {"from_server":true,"nick":"fresa.chatsfree.net","ident":"","hostname":"","target":"cf_52080","msg":" There are 8 users and 0 invisible on 2 servers","numeric":251}
1411975666 [NOTICE] {"from_server":true,"nick":"fresa.chatsfree.net","ident":"","hostname":"","target":"cf_52080","msg":"2 channels formed","numeric":254}
1411975666 [NOTICE] {"from_server":true,"nick":"fresa.chatsfree.net","ident":"","hostname":"","target":"cf_52080","msg":" I have 2 clients and 1 servers","numeric":255}
1411975666 [NOTICE] {"from_server":true,"nick":"fresa.chatsfree.net","ident":"","hostname":"","target":"cf_52080","msg":" Current Local Users: 2  Max: 5","numeric":265}
1411975666 [NOTICE] {"from_server":true,"nick":"fresa.chatsfree.net","ident":"","hostname":"","target":"cf_52080","msg":" Current Global Users: 8  Max: 11","numeric":266}
1411975666 [MESSAGE] {"hostname":"","target":"cf_52080","msg":"*** Raw I/O logging is enabled on this server. All messages, passwords, and commands are being recorded."}
1411975666 [NOTICE] {"from_server":true,"nick":"fresa.chatsfree.net","ident":"","hostname":"","target":"cf_52080","msg":"chat-smc.gqs.0vgv7k.IP is now your displayed host","numeric":396}
1411975666 [NOTICE] {"from_server":false,"nick":"NickServ","ident":"services","hostname":"services.host","target":"cf_52080","msg":"Your nickname is not registered. To register it, visit : http://www.chatsfree.net/register"}
1411975666 [JOIN] {"nick":"cf_52080","ident":"cf_52080","hostname":"chat-smc.gqs.0vgv7k.IP","channel":"#chatsfree"}
1411975666 [JOIN] {"nick":"cf_52080","ident":"cf_52080","hostname":"chat-smc.gqs.0vgv7k.IP","channel":"#chatsfree"}
1411975720 [NOTICE] {"from_server":true,"nick":"fresa.chatsfree.net","ident":"","hostname":"","target":"cf_76128","msg":" Your host is fresa.chatsfree.net, running version InspIRCd-2.0","numeric":2}
1411975720 [NOTICE] {"from_server":true,"nick":"fresa.chatsfree.net","ident":"","hostname":"","target":"cf_76128","msg":"fresa.chatsfree.net, InspIRCd-2.0, IRiorswx, MRbiklmnoprstvw bklovw","numeric":4}
1411975720 [NOTICE] {"from_server":true,"nick":"fresa.chatsfree.net","ident":"","hostname":"","target":"cf_76128","msg":" There are 8 users and 0 invisible on 2 servers","numeric":251}
1411975720 [NOTICE] {"from_server":true,"nick":"fresa.chatsfree.net","ident":"","hostname":"","target":"cf_76128","msg":"2 channels formed","numeric":254}
1411975720 [NOTICE] {"from_server":true,"nick":"fresa.chatsfree.net","ident":"","hostname":"","target":"cf_76128","msg":" I have 2 clients and 1 servers","numeric":255}
1411975720 [NOTICE] {"from_server":true,"nick":"fresa.chatsfree.net","ident":"","hostname":"","target":"cf_76128","msg":" Current Local Users: 2  Max: 5","numeric":265}
1411975720 [NOTICE] {"from_server":true,"nick":"fresa.chatsfree.net","ident":"","hostname":"","target":"cf_76128","msg":" Current Global Users: 8  Max: 11","numeric":266}
1411975720 [MESSAGE] {"hostname":"","target":"cf_76128","msg":"*** Raw I/O logging is enabled on this server. All messages, passwords, and commands are being recorded."}
1411975720 [NOTICE] {"from_server":true,"nick":"fresa.chatsfree.net","ident":"","hostname":"","target":"cf_76128","msg":"chat-smc.gqs.0vgv7k.IP is now your displayed host","numeric":396}
1411975720 [NOTICE] {"from_server":false,"nick":"NickServ","ident":"services","hostname":"services.host","target":"cf_76128","msg":"Your nickname is not registered. To register it, visit : http://www.chatsfree.net/register"}
1411975720 [JOIN] {"nick":"cf_76128","ident":"cf_76128","hostname":"chat-smc.gqs.0vgv7k.IP","channel":"#chatsfree"}
1411975720 [JOIN] {"nick":"cf_76128","ident":"cf_76128","hostname":"chat-smc.gqs.0vgv7k.IP","channel":"#chatsfree"}
1411975826 [NOTICE] {"from_server":true,"nick":"fresa.chatsfree.net","ident":"","hostname":"","target":"cf_40376","msg":" Your host is fresa.chatsfree.net, running version InspIRCd-2.0","numeric":2}
1411975826 [NOTICE] {"from_server":true,"nick":"fresa.chatsfree.net","ident":"","hostname":"","target":"cf_40376","msg":"fresa.chatsfree.net, InspIRCd-2.0, IRiorswx, MRbiklmnoprstvw bklovw","numeric":4}
1411975826 [NOTICE] {"from_server":true,"nick":"fresa.chatsfree.net","ident":"","hostname":"","target":"cf_40376","msg":" There are 8 users and 0 invisible on 2 servers","numeric":251}
1411975826 [NOTICE] {"from_server":true,"nick":"fresa.chatsfree.net","ident":"","hostname":"","target":"cf_40376","msg":"2 channels formed","numeric":254}
1411975826 [NOTICE] {"from_server":true,"nick":"fresa.chatsfree.net","ident":"","hostname":"","target":"cf_40376","msg":" I have 2 clients and 1 servers","numeric":255}
1411975826 [NOTICE] {"from_server":true,"nick":"fresa.chatsfree.net","ident":"","hostname":"","target":"cf_40376","msg":" Current Local Users: 2  Max: 5","numeric":265}
1411975826 [NOTICE] {"from_server":true,"nick":"fresa.chatsfree.net","ident":"","hostname":"","target":"cf_40376","msg":" Current Global Users: 8  Max: 11","numeric":266}
1411975826 [MESSAGE] {"hostname":"","target":"cf_40376","msg":"*** Raw I/O logging is enabled on this server. All messages, passwords, and commands are being recorded."}
1411975826 [NOTICE] {"from_server":true,"nick":"fresa.chatsfree.net","ident":"","hostname":"","target":"cf_40376","msg":"chat-smc.gqs.0vgv7k.IP is now your displayed host","numeric":396}
1411975826 [NOTICE] {"from_server":false,"nick":"NickServ","ident":"services","hostname":"services.host","target":"cf_40376","msg":"Your nickname is not registered. To register it, visit : http://www.chatsfree.net/register"}
1411975826 [JOIN] {"nick":"cf_40376","ident":"cf_40376","hostname":"chat-smc.gqs.0vgv7k.IP","channel":"#chatsfree"}
1411975826 [JOIN] {"nick":"cf_40376","ident":"cf_40376","hostname":"chat-smc.gqs.0vgv7k.IP","channel":"#chatsfree"}
1411999516 [NOTICE] {"from_server":true,"nick":"fresa.chatsfree.net","ident":"","hostname":"","target":"kiwi_","msg":" Your host is fresa.chatsfree.net, running version InspIRCd-2.0","numeric":2}
1411999516 [NOTICE] {"from_server":true,"nick":"fresa.chatsfree.net","ident":"","hostname":"","target":"kiwi_","msg":"fresa.chatsfree.net, InspIRCd-2.0, IRiorswx, MRbiklmnoprstvw bklovw","numeric":4}
1411999516 [NOTICE] {"from_server":true,"nick":"fresa.chatsfree.net","ident":"","hostname":"","target":"kiwi_","msg":" There are 7 users and 0 invisible on 2 servers","numeric":251}
1411999516 [NOTICE] {"from_server":true,"nick":"fresa.chatsfree.net","ident":"","hostname":"","target":"kiwi_","msg":"1 channels formed","numeric":254}
1411999516 [NOTICE] {"from_server":true,"nick":"fresa.chatsfree.net","ident":"","hostname":"","target":"kiwi_","msg":" I have 1 clients and 1 servers","numeric":255}
1411999516 [NOTICE] {"from_server":true,"nick":"fresa.chatsfree.net","ident":"","hostname":"","target":"kiwi_","msg":" Current Local Users: 1  Max: 5","numeric":265}
1411999516 [NOTICE] {"from_server":true,"nick":"fresa.chatsfree.net","ident":"","hostname":"","target":"kiwi_","msg":" Current Global Users: 7  Max: 11","numeric":266}
1411999516 [MESSAGE] {"hostname":"","target":"kiwi_","msg":"*** Raw I/O logging is enabled on this server. All messages, passwords, and commands are being recorded."}
1411999516 [NOTICE] {"from_server":true,"nick":"fresa.chatsfree.net","ident":"","hostname":"","target":"kiwi_","msg":"chat-smc.gqs.0vgv7k.IP is now your displayed host","numeric":396}
1411999516 [NOTICE] {"from_server":false,"nick":"NickServ","ident":"services","hostname":"services.host","target":"kiwi_","msg":"Your nickname is not registered. To register it, visit : http://www.chatsfree.net/register"}
1411999516 [JOIN] {"nick":"kiwi_","ident":"kiwi_","hostname":"chat-smc.gqs.0vgv7k.IP","channel":"#chatsfree"}
1411999794 [NOTICE] {"from_server":true,"nick":"fresa.chatsfree.net","ident":"","hostname":"","target":"kiwi_","msg":" Your host is fresa.chatsfree.net, running version InspIRCd-2.0","numeric":2}
1411999794 [NOTICE] {"from_server":true,"nick":"fresa.chatsfree.net","ident":"","hostname":"","target":"kiwi_","msg":"fresa.chatsfree.net, InspIRCd-2.0, IRiorswx, MRbiklmnoprstvw bklovw","numeric":4}
1411999794 [NOTICE] {"from_server":true,"nick":"fresa.chatsfree.net","ident":"","hostname":"","target":"kiwi_","msg":" There are 7 users and 0 invisible on 2 servers","numeric":251}
1411999794 [NOTICE] {"from_server":true,"nick":"fresa.chatsfree.net","ident":"","hostname":"","target":"kiwi_","msg":"1 channels formed","numeric":254}
1411999794 [NOTICE] {"from_server":true,"nick":"fresa.chatsfree.net","ident":"","hostname":"","target":"kiwi_","msg":" I have 1 clients and 1 servers","numeric":255}
1411999794 [NOTICE] {"from_server":true,"nick":"fresa.chatsfree.net","ident":"","hostname":"","target":"kiwi_","msg":" Current Local Users: 1  Max: 5","numeric":265}
1411999794 [NOTICE] {"from_server":true,"nick":"fresa.chatsfree.net","ident":"","hostname":"","target":"kiwi_","msg":" Current Global Users: 7  Max: 11","numeric":266}
1411999794 [MESSAGE] {"hostname":"","target":"kiwi_","msg":"*** Raw I/O logging is enabled on this server. All messages, passwords, and commands are being recorded."}
1411999794 [NOTICE] {"from_server":true,"nick":"fresa.chatsfree.net","ident":"","hostname":"","target":"kiwi_","msg":"chat-smc.gqs.0vgv7k.IP is now your displayed host","numeric":396}
1411999794 [NOTICE] {"from_server":false,"nick":"NickServ","ident":"services","hostname":"services.host","target":"kiwi_","msg":"Your nickname is not registered. To register it, visit : http://www.chatsfree.net/register"}
1411999794 [JOIN] {"nick":"kiwi_","ident":"kiwi_","hostname":"chat-smc.gqs.0vgv7k.IP","channel":"#chatsfree"}
1412000031 [NOTICE] {"from_server":true,"nick":"fresa.chatsfree.net","ident":"","hostname":"","target":"kiwi_","msg":" Your host is fresa.chatsfree.net, running version InspIRCd-2.0","numeric":2}
1412000031 [NOTICE] {"from_server":true,"nick":"fresa.chatsfree.net","ident":"","hostname":"","target":"kiwi_","msg":"fresa.chatsfree.net, InspIRCd-2.0, IRiorswx, MRbiklmnoprstvw bklovw","numeric":4}
1412000031 [NOTICE] {"from_server":true,"nick":"fresa.chatsfree.net","ident":"","hostname":"","target":"kiwi_","msg":" There are 7 users and 0 invisible on 2 servers","numeric":251}
1412000031 [NOTICE] {"from_server":true,"nick":"fresa.chatsfree.net","ident":"","hostname":"","target":"kiwi_","msg":"1 channels formed","numeric":254}
1412000031 [NOTICE] {"from_server":true,"nick":"fresa.chatsfree.net","ident":"","hostname":"","target":"kiwi_","msg":" I have 1 clients and 1 servers","numeric":255}
1412000031 [NOTICE] {"from_server":true,"nick":"fresa.chatsfree.net","ident":"","hostname":"","target":"kiwi_","msg":" Current Local Users: 1  Max: 5","numeric":265}
1412000031 [NOTICE] {"from_server":true,"nick":"fresa.chatsfree.net","ident":"","hostname":"","target":"kiwi_","msg":" Current Global Users: 7  Max: 11","numeric":266}
1412000031 [MESSAGE] {"hostname":"","target":"kiwi_","msg":"*** Raw I/O logging is enabled on this server. All messages, passwords, and commands are being recorded."}
1412000031 [NOTICE] {"from_server":true,"nick":"fresa.chatsfree.net","ident":"","hostname":"","target":"kiwi_","msg":"chat-smc.gqs.0vgv7k.IP is now your displayed host","numeric":396}
1412000031 [NOTICE] {"from_server":false,"nick":"NickServ","ident":"services","hostname":"services.host","target":"kiwi_","msg":"Your nickname is not registered. To register it, visit : http://www.chatsfree.net/register"}
1412000031 [JOIN] {"nick":"kiwi_","ident":"kiwi_","hostname":"chat-smc.gqs.0vgv7k.IP","channel":"#chatsfree"}
1412000059 [NOTICE] {"from_server":true,"nick":"fresa.chatsfree.net","ident":"","hostname":"","target":"kiwi_","msg":" Your host is fresa.chatsfree.net, running version InspIRCd-2.0","numeric":2}
1412000059 [NOTICE] {"from_server":true,"nick":"fresa.chatsfree.net","ident":"","hostname":"","target":"kiwi_","msg":"fresa.chatsfree.net, InspIRCd-2.0, IRiorswx, MRbiklmnoprstvw bklovw","numeric":4}
1412000059 [NOTICE] {"from_server":true,"nick":"fresa.chatsfree.net","ident":"","hostname":"","target":"kiwi_","msg":" There are 7 users and 0 invisible on 2 servers","numeric":251}
1412000059 [NOTICE] {"from_server":true,"nick":"fresa.chatsfree.net","ident":"","hostname":"","target":"kiwi_","msg":"1 channels formed","numeric":254}
1412000059 [NOTICE] {"from_server":true,"nick":"fresa.chatsfree.net","ident":"","hostname":"","target":"kiwi_","msg":" I have 1 clients and 1 servers","numeric":255}
1412000059 [NOTICE] {"from_server":true,"nick":"fresa.chatsfree.net","ident":"","hostname":"","target":"kiwi_","msg":" Current Local Users: 1  Max: 5","numeric":265}
1412000059 [NOTICE] {"from_server":true,"nick":"fresa.chatsfree.net","ident":"","hostname":"","target":"kiwi_","msg":" Current Global Users: 7  Max: 11","numeric":266}
1412000059 [MESSAGE] {"hostname":"","target":"kiwi_","msg":"*** Raw I/O logging is enabled on this server. All messages, passwords, and commands are being recorded."}
1412000059 [NOTICE] {"from_server":true,"nick":"fresa.chatsfree.net","ident":"","hostname":"","target":"kiwi_","msg":"chat-smc.gqs.0vgv7k.IP is now your displayed host","numeric":396}
1412000059 [NOTICE] {"from_server":false,"nick":"NickServ","ident":"services","hostname":"services.host","target":"kiwi_","msg":"Your nickname is not registered. To register it, visit : http://www.chatsfree.net/register"}
1412000059 [JOIN] {"nick":"kiwi_","ident":"kiwi_","hostname":"chat-smc.gqs.0vgv7k.IP","channel":"#chatsfree"}
1412000109 [NOTICE] {"from_server":true,"nick":"fresa.chatsfree.net","ident":"","hostname":"","target":"kiwi_","msg":" Your host is fresa.chatsfree.net, running version InspIRCd-2.0","numeric":2}
1412000109 [NOTICE] {"from_server":true,"nick":"fresa.chatsfree.net","ident":"","hostname":"","target":"kiwi_","msg":"fresa.chatsfree.net, InspIRCd-2.0, IRiorswx, MRbiklmnoprstvw bklovw","numeric":4}
1412000109 [NOTICE] {"from_server":true,"nick":"fresa.chatsfree.net","ident":"","hostname":"","target":"kiwi_","msg":" There are 7 users and 0 invisible on 2 servers","numeric":251}
1412000109 [NOTICE] {"from_server":true,"nick":"fresa.chatsfree.net","ident":"","hostname":"","target":"kiwi_","msg":"1 channels formed","numeric":254}
1412000109 [NOTICE] {"from_server":true,"nick":"fresa.chatsfree.net","ident":"","hostname":"","target":"kiwi_","msg":" I have 1 clients and 1 servers","numeric":255}
1412000109 [NOTICE] {"from_server":true,"nick":"fresa.chatsfree.net","ident":"","hostname":"","target":"kiwi_","msg":" Current Local Users: 1  Max: 5","numeric":265}
1412000109 [NOTICE] {"from_server":true,"nick":"fresa.chatsfree.net","ident":"","hostname":"","target":"kiwi_","msg":" Current Global Users: 7  Max: 11","numeric":266}
1412000109 [MESSAGE] {"hostname":"","target":"kiwi_","msg":"*** Raw I/O logging is enabled on this server. All messages, passwords, and commands are being recorded."}
1412000109 [NOTICE] {"from_server":true,"nick":"fresa.chatsfree.net","ident":"","hostname":"","target":"kiwi_","msg":"chat-smc.gqs.0vgv7k.IP is now your displayed host","numeric":396}
1412000109 [NOTICE] {"from_server":false,"nick":"NickServ","ident":"services","hostname":"services.host","target":"kiwi_","msg":"Your nickname is not registered. To register it, visit : http://www.chatsfree.net/register"}
1412000110 [JOIN] {"nick":"kiwi_","ident":"kiwi_","hostname":"chat-smc.gqs.0vgv7k.IP","channel":"#chatsfree"}
1412000137 [NOTICE] {"from_server":true,"nick":"fresa.chatsfree.net","ident":"","hostname":"","target":"kiwi_","msg":" Your host is fresa.chatsfree.net, running version InspIRCd-2.0","numeric":2}
1412000137 [NOTICE] {"from_server":true,"nick":"fresa.chatsfree.net","ident":"","hostname":"","target":"kiwi_","msg":"fresa.chatsfree.net, InspIRCd-2.0, IRiorswx, MRbiklmnoprstvw bklovw","numeric":4}
1412000137 [NOTICE] {"from_server":true,"nick":"fresa.chatsfree.net","ident":"","hostname":"","target":"kiwi_","msg":" There are 7 users and 0 invisible on 2 servers","numeric":251}
1412000137 [NOTICE] {"from_server":true,"nick":"fresa.chatsfree.net","ident":"","hostname":"","target":"kiwi_","msg":"1 channels formed","numeric":254}
1412000137 [NOTICE] {"from_server":true,"nick":"fresa.chatsfree.net","ident":"","hostname":"","target":"kiwi_","msg":" I have 1 clients and 1 servers","numeric":255}
1412000137 [NOTICE] {"from_server":true,"nick":"fresa.chatsfree.net","ident":"","hostname":"","target":"kiwi_","msg":" Current Local Users: 1  Max: 5","numeric":265}
1412000137 [NOTICE] {"from_server":true,"nick":"fresa.chatsfree.net","ident":"","hostname":"","target":"kiwi_","msg":" Current Global Users: 7  Max: 11","numeric":266}
1412000137 [MESSAGE] {"hostname":"","target":"kiwi_","msg":"*** Raw I/O logging is enabled on this server. All messages, passwords, and commands are being recorded."}
1412000137 [NOTICE] {"from_server":true,"nick":"fresa.chatsfree.net","ident":"","hostname":"","target":"kiwi_","msg":"chat-smc.gqs.0vgv7k.IP is now your displayed host","numeric":396}
1412000137 [NOTICE] {"from_server":false,"nick":"NickServ","ident":"services","hostname":"services.host","target":"kiwi_","msg":"Your nickname is not registered. To register it, visit : http://www.chatsfree.net/register"}
1412000138 [JOIN] {"nick":"kiwi_","ident":"kiwi_","hostname":"chat-smc.gqs.0vgv7k.IP","channel":"#chatsfree"}
1412000251 [NOTICE] {"from_server":true,"nick":"fresa.chatsfree.net","ident":"","hostname":"","target":"kiwi_","msg":" Your host is fresa.chatsfree.net, running version InspIRCd-2.0","numeric":2}
1412000251 [NOTICE] {"from_server":true,"nick":"fresa.chatsfree.net","ident":"","hostname":"","target":"kiwi_","msg":"fresa.chatsfree.net, InspIRCd-2.0, IRiorswx, MRbiklmnoprstvw bklovw","numeric":4}
1412000251 [NOTICE] {"from_server":true,"nick":"fresa.chatsfree.net","ident":"","hostname":"","target":"kiwi_","msg":" There are 7 users and 0 invisible on 2 servers","numeric":251}
1412000251 [NOTICE] {"from_server":true,"nick":"fresa.chatsfree.net","ident":"","hostname":"","target":"kiwi_","msg":"1 channels formed","numeric":254}
1412000251 [NOTICE] {"from_server":true,"nick":"fresa.chatsfree.net","ident":"","hostname":"","target":"kiwi_","msg":" I have 1 clients and 1 servers","numeric":255}
1412000251 [NOTICE] {"from_server":true,"nick":"fresa.chatsfree.net","ident":"","hostname":"","target":"kiwi_","msg":" Current Local Users: 1  Max: 5","numeric":265}
1412000251 [NOTICE] {"from_server":true,"nick":"fresa.chatsfree.net","ident":"","hostname":"","target":"kiwi_","msg":" Current Global Users: 7  Max: 11","numeric":266}
1412000251 [MESSAGE] {"hostname":"","target":"kiwi_","msg":"*** Raw I/O logging is enabled on this server. All messages, passwords, and commands are being recorded."}
1412000251 [NOTICE] {"from_server":true,"nick":"fresa.chatsfree.net","ident":"","hostname":"","target":"kiwi_","msg":"chat-smc.gqs.0vgv7k.IP is now your displayed host","numeric":396}
1412000251 [NOTICE] {"from_server":false,"nick":"NickServ","ident":"services","hostname":"services.host","target":"kiwi_","msg":"Your nickname is not registered. To register it, visit : http://www.chatsfree.net/register"}
1412000251 [JOIN] {"nick":"kiwi_","ident":"kiwi_","hostname":"chat-smc.gqs.0vgv7k.IP","channel":"#chatsfree"}
1412000287 [NOTICE] {"from_server":true,"nick":"fresa.chatsfree.net","ident":"","hostname":"","target":"kiwi_","msg":" Your host is fresa.chatsfree.net, running version InspIRCd-2.0","numeric":2}
1412000287 [NOTICE] {"from_server":true,"nick":"fresa.chatsfree.net","ident":"","hostname":"","target":"kiwi_","msg":"fresa.chatsfree.net, InspIRCd-2.0, IRiorswx, MRbiklmnoprstvw bklovw","numeric":4}
1412000287 [NOTICE] {"from_server":true,"nick":"fresa.chatsfree.net","ident":"","hostname":"","target":"kiwi_","msg":" There are 7 users and 0 invisible on 2 servers","numeric":251}
1412000287 [NOTICE] {"from_server":true,"nick":"fresa.chatsfree.net","ident":"","hostname":"","target":"kiwi_","msg":"1 channels formed","numeric":254}
1412000287 [NOTICE] {"from_server":true,"nick":"fresa.chatsfree.net","ident":"","hostname":"","target":"kiwi_","msg":" I have 1 clients and 1 servers","numeric":255}
1412000287 [NOTICE] {"from_server":true,"nick":"fresa.chatsfree.net","ident":"","hostname":"","target":"kiwi_","msg":" Current Local Users: 1  Max: 5","numeric":265}
1412000287 [NOTICE] {"from_server":true,"nick":"fresa.chatsfree.net","ident":"","hostname":"","target":"kiwi_","msg":" Current Global Users: 7  Max: 11","numeric":266}
1412000287 [MESSAGE] {"hostname":"","target":"kiwi_","msg":"*** Raw I/O logging is enabled on this server. All messages, passwords, and commands are being recorded."}
1412000287 [NOTICE] {"from_server":true,"nick":"fresa.chatsfree.net","ident":"","hostname":"","target":"kiwi_","msg":"chat-smc.gqs.0vgv7k.IP is now your displayed host","numeric":396}
1412000287 [NOTICE] {"from_server":false,"nick":"NickServ","ident":"services","hostname":"services.host","target":"kiwi_","msg":"Your nickname is not registered. To register it, visit : http://www.chatsfree.net/register"}
1412000288 [JOIN] {"nick":"kiwi_","ident":"kiwi_","hostname":"chat-smc.gqs.0vgv7k.IP","channel":"#chatsfree"}
1412000710 [NOTICE] {"from_server":true,"nick":"fresa.chatsfree.net","ident":"","hostname":"","target":"kiwi_","msg":" Your host is fresa.chatsfree.net, running version InspIRCd-2.0","numeric":2}
1412000710 [NOTICE] {"from_server":true,"nick":"fresa.chatsfree.net","ident":"","hostname":"","target":"kiwi_","msg":"fresa.chatsfree.net, InspIRCd-2.0, IRiorswx, MRbiklmnoprstvw bklovw","numeric":4}
1412000710 [NOTICE] {"from_server":true,"nick":"fresa.chatsfree.net","ident":"","hostname":"","target":"kiwi_","msg":" There are 7 users and 0 invisible on 2 servers","numeric":251}
1412000710 [NOTICE] {"from_server":true,"nick":"fresa.chatsfree.net","ident":"","hostname":"","target":"kiwi_","msg":"1 channels formed","numeric":254}
1412000710 [NOTICE] {"from_server":true,"nick":"fresa.chatsfree.net","ident":"","hostname":"","target":"kiwi_","msg":" I have 1 clients and 1 servers","numeric":255}
1412000710 [NOTICE] {"from_server":true,"nick":"fresa.chatsfree.net","ident":"","hostname":"","target":"kiwi_","msg":" Current Local Users: 1  Max: 5","numeric":265}
1412000710 [NOTICE] {"from_server":true,"nick":"fresa.chatsfree.net","ident":"","hostname":"","target":"kiwi_","msg":" Current Global Users: 7  Max: 11","numeric":266}
1412000710 [MESSAGE] {"hostname":"","target":"kiwi_","msg":"*** Raw I/O logging is enabled on this server. All messages, passwords, and commands are being recorded."}
1412000710 [NOTICE] {"from_server":true,"nick":"fresa.chatsfree.net","ident":"","hostname":"","target":"kiwi_","msg":"chat-smc.gqs.0vgv7k.IP is now your displayed host","numeric":396}
1412000710 [NOTICE] {"from_server":false,"nick":"NickServ","ident":"services","hostname":"services.host","target":"kiwi_","msg":"Your nickname is not registered. To register it, visit : http://www.chatsfree.net/register"}
1412000710 [JOIN] {"nick":"kiwi_","ident":"kiwi_","hostname":"chat-smc.gqs.0vgv7k.IP","channel":"#chatsfree"}
1412000772 [NOTICE] {"from_server":true,"nick":"fresa.chatsfree.net","ident":"","hostname":"","target":"kiwi_","msg":" Your host is fresa.chatsfree.net, running version InspIRCd-2.0","numeric":2}
1412000772 [NOTICE] {"from_server":true,"nick":"fresa.chatsfree.net","ident":"","hostname":"","target":"kiwi_","msg":"fresa.chatsfree.net, InspIRCd-2.0, IRiorswx, MRbiklmnoprstvw bklovw","numeric":4}
1412000772 [NOTICE] {"from_server":true,"nick":"fresa.chatsfree.net","ident":"","hostname":"","target":"kiwi_","msg":" There are 7 users and 0 invisible on 2 servers","numeric":251}
1412000772 [NOTICE] {"from_server":true,"nick":"fresa.chatsfree.net","ident":"","hostname":"","target":"kiwi_","msg":"1 channels formed","numeric":254}
1412000772 [NOTICE] {"from_server":true,"nick":"fresa.chatsfree.net","ident":"","hostname":"","target":"kiwi_","msg":" I have 1 clients and 1 servers","numeric":255}
1412000772 [NOTICE] {"from_server":true,"nick":"fresa.chatsfree.net","ident":"","hostname":"","target":"kiwi_","msg":" Current Local Users: 1  Max: 5","numeric":265}
1412000772 [NOTICE] {"from_server":true,"nick":"fresa.chatsfree.net","ident":"","hostname":"","target":"kiwi_","msg":" Current Global Users: 7  Max: 11","numeric":266}
1412000772 [MESSAGE] {"hostname":"","target":"kiwi_","msg":"*** Raw I/O logging is enabled on this server. All messages, passwords, and commands are being recorded."}
1412000772 [NOTICE] {"from_server":true,"nick":"fresa.chatsfree.net","ident":"","hostname":"","target":"kiwi_","msg":"chat-smc.gqs.0vgv7k.IP is now your displayed host","numeric":396}
1412000772 [NOTICE] {"from_server":false,"nick":"NickServ","ident":"services","hostname":"services.host","target":"kiwi_","msg":"Your nickname is not registered. To register it, visit : http://www.chatsfree.net/register"}
1412000772 [JOIN] {"nick":"kiwi_","ident":"kiwi_","hostname":"chat-smc.gqs.0vgv7k.IP","channel":"#chatsfree"}
1412000854 [NOTICE] {"from_server":true,"nick":"fresa.chatsfree.net","ident":"","hostname":"","target":"kiwi_","msg":" Your host is fresa.chatsfree.net, running version InspIRCd-2.0","numeric":2}
1412000854 [NOTICE] {"from_server":true,"nick":"fresa.chatsfree.net","ident":"","hostname":"","target":"kiwi_","msg":"fresa.chatsfree.net, InspIRCd-2.0, IRiorswx, MRbiklmnoprstvw bklovw","numeric":4}
1412000854 [NOTICE] {"from_server":true,"nick":"fresa.chatsfree.net","ident":"","hostname":"","target":"kiwi_","msg":" There are 7 users and 0 invisible on 2 servers","numeric":251}
1412000854 [NOTICE] {"from_server":true,"nick":"fresa.chatsfree.net","ident":"","hostname":"","target":"kiwi_","msg":"1 channels formed","numeric":254}
1412000854 [NOTICE] {"from_server":true,"nick":"fresa.chatsfree.net","ident":"","hostname":"","target":"kiwi_","msg":" I have 1 clients and 1 servers","numeric":255}
1412000854 [NOTICE] {"from_server":true,"nick":"fresa.chatsfree.net","ident":"","hostname":"","target":"kiwi_","msg":" Current Local Users: 1  Max: 5","numeric":265}
1412000854 [NOTICE] {"from_server":true,"nick":"fresa.chatsfree.net","ident":"","hostname":"","target":"kiwi_","msg":" Current Global Users: 7  Max: 11","numeric":266}
1412000854 [MESSAGE] {"hostname":"","target":"kiwi_","msg":"*** Raw I/O logging is enabled on this server. All messages, passwords, and commands are being recorded."}
1412000854 [NOTICE] {"from_server":true,"nick":"fresa.chatsfree.net","ident":"","hostname":"","target":"kiwi_","msg":"chat-smc.gqs.0vgv7k.IP is now your displayed host","numeric":396}
1412000854 [NOTICE] {"from_server":false,"nick":"NickServ","ident":"services","hostname":"services.host","target":"kiwi_","msg":"Your nickname is not registered. To register it, visit : http://www.chatsfree.net/register"}
1412000854 [JOIN] {"nick":"kiwi_","ident":"kiwi_","hostname":"chat-smc.gqs.0vgv7k.IP","channel":"#chatsfree"}
1412001050 [NOTICE] {"from_server":true,"nick":"fresa.chatsfree.net","ident":"","hostname":"","target":"kiwi_","msg":" Your host is fresa.chatsfree.net, running version InspIRCd-2.0","numeric":2}
1412001050 [NOTICE] {"from_server":true,"nick":"fresa.chatsfree.net","ident":"","hostname":"","target":"kiwi_","msg":"fresa.chatsfree.net, InspIRCd-2.0, IRiorswx, MRbiklmnoprstvw bklovw","numeric":4}
1412001050 [NOTICE] {"from_server":true,"nick":"fresa.chatsfree.net","ident":"","hostname":"","target":"kiwi_","msg":" There are 7 users and 0 invisible on 2 servers","numeric":251}
1412001050 [NOTICE] {"from_server":true,"nick":"fresa.chatsfree.net","ident":"","hostname":"","target":"kiwi_","msg":"1 channels formed","numeric":254}
1412001050 [NOTICE] {"from_server":true,"nick":"fresa.chatsfree.net","ident":"","hostname":"","target":"kiwi_","msg":" I have 1 clients and 1 servers","numeric":255}
1412001050 [NOTICE] {"from_server":true,"nick":"fresa.chatsfree.net","ident":"","hostname":"","target":"kiwi_","msg":" Current Local Users: 1  Max: 5","numeric":265}
1412001050 [NOTICE] {"from_server":true,"nick":"fresa.chatsfree.net","ident":"","hostname":"","target":"kiwi_","msg":" Current Global Users: 7  Max: 11","numeric":266}
1412001050 [MESSAGE] {"hostname":"","target":"kiwi_","msg":"*** Raw I/O logging is enabled on this server. All messages, passwords, and commands are being recorded."}
1412001050 [NOTICE] {"from_server":true,"nick":"fresa.chatsfree.net","ident":"","hostname":"","target":"kiwi_","msg":"chat-smc.gqs.0vgv7k.IP is now your displayed host","numeric":396}
1412001050 [NOTICE] {"from_server":false,"nick":"NickServ","ident":"services","hostname":"services.host","target":"kiwi_","msg":"Your nickname is not registered. To register it, visit : http://www.chatsfree.net/register"}
1412001050 [JOIN] {"nick":"kiwi_","ident":"kiwi_","hostname":"chat-smc.gqs.0vgv7k.IP","channel":"#chatsfree"}
1412002173 [NOTICE] {"from_server":true,"nick":"fresa.chatsfree.net","ident":"","hostname":"","target":"kiwi_","msg":" Your host is fresa.chatsfree.net, running version InspIRCd-2.0","numeric":2}
1412002173 [NOTICE] {"from_server":true,"nick":"fresa.chatsfree.net","ident":"","hostname":"","target":"kiwi_","msg":"fresa.chatsfree.net, InspIRCd-2.0, IRiorswx, MRbiklmnoprstvw bklovw","numeric":4}
1412002173 [NOTICE] {"from_server":true,"nick":"fresa.chatsfree.net","ident":"","hostname":"","target":"kiwi_","msg":" There are 7 users and 0 invisible on 2 servers","numeric":251}
1412002173 [NOTICE] {"from_server":true,"nick":"fresa.chatsfree.net","ident":"","hostname":"","target":"kiwi_","msg":"1 channels formed","numeric":254}
1412002173 [NOTICE] {"from_server":true,"nick":"fresa.chatsfree.net","ident":"","hostname":"","target":"kiwi_","msg":" I have 1 clients and 1 servers","numeric":255}
1412002173 [NOTICE] {"from_server":true,"nick":"fresa.chatsfree.net","ident":"","hostname":"","target":"kiwi_","msg":" Current Local Users: 1  Max: 5","numeric":265}
1412002173 [NOTICE] {"from_server":true,"nick":"fresa.chatsfree.net","ident":"","hostname":"","target":"kiwi_","msg":" Current Global Users: 7  Max: 11","numeric":266}
1412002173 [MESSAGE] {"hostname":"","target":"kiwi_","msg":"*** Raw I/O logging is enabled on this server. All messages, passwords, and commands are being recorded."}
1412002173 [NOTICE] {"from_server":true,"nick":"fresa.chatsfree.net","ident":"","hostname":"","target":"kiwi_","msg":"chat-smc.gqs.0vgv7k.IP is now your displayed host","numeric":396}
1412002173 [NOTICE] {"from_server":false,"nick":"NickServ","ident":"services","hostname":"services.host","target":"kiwi_","msg":"Your nickname is not registered. To register it, visit : http://www.chatsfree.net/register"}
1412002173 [JOIN] {"nick":"kiwi_","ident":"kiwi_","hostname":"chat-smc.gqs.0vgv7k.IP","channel":"#chatsfree"}
1412002253 [NOTICE] {"from_server":true,"nick":"fresa.chatsfree.net","ident":"","hostname":"","target":"kiwi_","msg":" Your host is fresa.chatsfree.net, running version InspIRCd-2.0","numeric":2}
1412002253 [NOTICE] {"from_server":true,"nick":"fresa.chatsfree.net","ident":"","hostname":"","target":"kiwi_","msg":"fresa.chatsfree.net, InspIRCd-2.0, IRiorswx, MRbiklmnoprstvw bklovw","numeric":4}
1412002253 [NOTICE] {"from_server":true,"nick":"fresa.chatsfree.net","ident":"","hostname":"","target":"kiwi_","msg":" There are 7 users and 0 invisible on 2 servers","numeric":251}
1412002253 [NOTICE] {"from_server":true,"nick":"fresa.chatsfree.net","ident":"","hostname":"","target":"kiwi_","msg":"1 channels formed","numeric":254}
1412002253 [NOTICE] {"from_server":true,"nick":"fresa.chatsfree.net","ident":"","hostname":"","target":"kiwi_","msg":" I have 1 clients and 1 servers","numeric":255}
1412002253 [NOTICE] {"from_server":true,"nick":"fresa.chatsfree.net","ident":"","hostname":"","target":"kiwi_","msg":" Current Local Users: 1  Max: 5","numeric":265}
1412002253 [NOTICE] {"from_server":true,"nick":"fresa.chatsfree.net","ident":"","hostname":"","target":"kiwi_","msg":" Current Global Users: 7  Max: 11","numeric":266}
1412002253 [MESSAGE] {"hostname":"","target":"kiwi_","msg":"*** Raw I/O logging is enabled on this server. All messages, passwords, and commands are being recorded."}
1412002253 [NOTICE] {"from_server":true,"nick":"fresa.chatsfree.net","ident":"","hostname":"","target":"kiwi_","msg":"chat-smc.gqs.0vgv7k.IP is now your displayed host","numeric":396}
1412002253 [NOTICE] {"from_server":false,"nick":"NickServ","ident":"services","hostname":"services.host","target":"kiwi_","msg":"Your nickname is not registered. To register it, visit : http://www.chatsfree.net/register"}
1412002253 [JOIN] {"nick":"kiwi_","ident":"kiwi_","hostname":"chat-smc.gqs.0vgv7k.IP","channel":"#chatsfree"}
1412002310 [NOTICE] {"from_server":true,"nick":"fresa.chatsfree.net","ident":"","hostname":"","target":"kiwi_","msg":" Your host is fresa.chatsfree.net, running version InspIRCd-2.0","numeric":2}
1412002310 [NOTICE] {"from_server":true,"nick":"fresa.chatsfree.net","ident":"","hostname":"","target":"kiwi_","msg":"fresa.chatsfree.net, InspIRCd-2.0, IRiorswx, MRbiklmnoprstvw bklovw","numeric":4}
1412002310 [NOTICE] {"from_server":true,"nick":"fresa.chatsfree.net","ident":"","hostname":"","target":"kiwi_","msg":" There are 7 users and 0 invisible on 2 servers","numeric":251}
1412002310 [NOTICE] {"from_server":true,"nick":"fresa.chatsfree.net","ident":"","hostname":"","target":"kiwi_","msg":"1 channels formed","numeric":254}
1412002310 [NOTICE] {"from_server":true,"nick":"fresa.chatsfree.net","ident":"","hostname":"","target":"kiwi_","msg":" I have 1 clients and 1 servers","numeric":255}
1412002310 [NOTICE] {"from_server":true,"nick":"fresa.chatsfree.net","ident":"","hostname":"","target":"kiwi_","msg":" Current Local Users: 1  Max: 5","numeric":265}
1412002310 [NOTICE] {"from_server":true,"nick":"fresa.chatsfree.net","ident":"","hostname":"","target":"kiwi_","msg":" Current Global Users: 7  Max: 11","numeric":266}
1412002310 [MESSAGE] {"hostname":"","target":"kiwi_","msg":"*** Raw I/O logging is enabled on this server. All messages, passwords, and commands are being recorded."}
1412002310 [NOTICE] {"from_server":true,"nick":"fresa.chatsfree.net","ident":"","hostname":"","target":"kiwi_","msg":"chat-smc.gqs.0vgv7k.IP is now your displayed host","numeric":396}
1412002310 [NOTICE] {"from_server":false,"nick":"NickServ","ident":"services","hostname":"services.host","target":"kiwi_","msg":"Your nickname is not registered. To register it, visit : http://www.chatsfree.net/register"}
1412002310 [JOIN] {"nick":"kiwi_","ident":"kiwi_","hostname":"chat-smc.gqs.0vgv7k.IP","channel":"#chatsfree"}
1412002375 [NOTICE] {"from_server":true,"nick":"fresa.chatsfree.net","ident":"","hostname":"","target":"kiwi_","msg":" Your host is fresa.chatsfree.net, running version InspIRCd-2.0","numeric":2}
1412002375 [NOTICE] {"from_server":true,"nick":"fresa.chatsfree.net","ident":"","hostname":"","target":"kiwi_","msg":"fresa.chatsfree.net, InspIRCd-2.0, IRiorswx, MRbiklmnoprstvw bklovw","numeric":4}
1412002375 [NOTICE] {"from_server":true,"nick":"fresa.chatsfree.net","ident":"","hostname":"","target":"kiwi_","msg":" There are 7 users and 0 invisible on 2 servers","numeric":251}
1412002375 [NOTICE] {"from_server":true,"nick":"fresa.chatsfree.net","ident":"","hostname":"","target":"kiwi_","msg":"1 channels formed","numeric":254}
1412002375 [NOTICE] {"from_server":true,"nick":"fresa.chatsfree.net","ident":"","hostname":"","target":"kiwi_","msg":" I have 1 clients and 1 servers","numeric":255}
1412002375 [NOTICE] {"from_server":true,"nick":"fresa.chatsfree.net","ident":"","hostname":"","target":"kiwi_","msg":" Current Local Users: 1  Max: 5","numeric":265}
1412002375 [NOTICE] {"from_server":true,"nick":"fresa.chatsfree.net","ident":"","hostname":"","target":"kiwi_","msg":" Current Global Users: 7  Max: 11","numeric":266}
1412002375 [MESSAGE] {"hostname":"","target":"kiwi_","msg":"*** Raw I/O logging is enabled on this server. All messages, passwords, and commands are being recorded."}
1412002375 [NOTICE] {"from_server":true,"nick":"fresa.chatsfree.net","ident":"","hostname":"","target":"kiwi_","msg":"chat-smc.gqs.0vgv7k.IP is now your displayed host","numeric":396}
1412002375 [NOTICE] {"from_server":false,"nick":"NickServ","ident":"services","hostname":"services.host","target":"kiwi_","msg":"Your nickname is not registered. To register it, visit : http://www.chatsfree.net/register"}
1412002376 [JOIN] {"nick":"kiwi_","ident":"kiwi_","hostname":"chat-smc.gqs.0vgv7k.IP","channel":"#chatsfree"}
1412002449 [NOTICE] {"from_server":true,"nick":"fresa.chatsfree.net","ident":"","hostname":"","target":"kiwi_","msg":" Your host is fresa.chatsfree.net, running version InspIRCd-2.0","numeric":2}
1412002449 [NOTICE] {"from_server":true,"nick":"fresa.chatsfree.net","ident":"","hostname":"","target":"kiwi_","msg":"fresa.chatsfree.net, InspIRCd-2.0, IRiorswx, MRbiklmnoprstvw bklovw","numeric":4}
1412002449 [NOTICE] {"from_server":true,"nick":"fresa.chatsfree.net","ident":"","hostname":"","target":"kiwi_","msg":" There are 7 users and 0 invisible on 2 servers","numeric":251}
1412002449 [NOTICE] {"from_server":true,"nick":"fresa.chatsfree.net","ident":"","hostname":"","target":"kiwi_","msg":"1 channels formed","numeric":254}
1412002449 [NOTICE] {"from_server":true,"nick":"fresa.chatsfree.net","ident":"","hostname":"","target":"kiwi_","msg":" I have 1 clients and 1 servers","numeric":255}
1412002449 [NOTICE] {"from_server":true,"nick":"fresa.chatsfree.net","ident":"","hostname":"","target":"kiwi_","msg":" Current Local Users: 1  Max: 5","numeric":265}
1412002449 [NOTICE] {"from_server":true,"nick":"fresa.chatsfree.net","ident":"","hostname":"","target":"kiwi_","msg":" Current Global Users: 7  Max: 11","numeric":266}
1412002449 [MESSAGE] {"hostname":"","target":"kiwi_","msg":"*** Raw I/O logging is enabled on this server. All messages, passwords, and commands are being recorded."}
1412002449 [NOTICE] {"from_server":true,"nick":"fresa.chatsfree.net","ident":"","hostname":"","target":"kiwi_","msg":"chat-smc.gqs.0vgv7k.IP is now your displayed host","numeric":396}
1412002449 [NOTICE] {"from_server":false,"nick":"NickServ","ident":"services","hostname":"services.host","target":"kiwi_","msg":"Your nickname is not registered. To register it, visit : http://www.chatsfree.net/register"}
1412002449 [JOIN] {"nick":"kiwi_","ident":"kiwi_","hostname":"chat-smc.gqs.0vgv7k.IP","channel":"#chatsfree"}
1412002581 [NOTICE] {"from_server":true,"nick":"fresa.chatsfree.net","ident":"","hostname":"","target":"kiwi_","msg":" Your host is fresa.chatsfree.net, running version InspIRCd-2.0","numeric":2}
1412002581 [NOTICE] {"from_server":true,"nick":"fresa.chatsfree.net","ident":"","hostname":"","target":"kiwi_","msg":"fresa.chatsfree.net, InspIRCd-2.0, IRiorswx, MRbiklmnoprstvw bklovw","numeric":4}
1412002581 [NOTICE] {"from_server":true,"nick":"fresa.chatsfree.net","ident":"","hostname":"","target":"kiwi_","msg":" There are 7 users and 0 invisible on 2 servers","numeric":251}
1412002581 [NOTICE] {"from_server":true,"nick":"fresa.chatsfree.net","ident":"","hostname":"","target":"kiwi_","msg":"1 channels formed","numeric":254}
1412002581 [NOTICE] {"from_server":true,"nick":"fresa.chatsfree.net","ident":"","hostname":"","target":"kiwi_","msg":" I have 1 clients and 1 servers","numeric":255}
1412002581 [NOTICE] {"from_server":true,"nick":"fresa.chatsfree.net","ident":"","hostname":"","target":"kiwi_","msg":" Current Local Users: 1  Max: 5","numeric":265}
1412002581 [NOTICE] {"from_server":true,"nick":"fresa.chatsfree.net","ident":"","hostname":"","target":"kiwi_","msg":" Current Global Users: 7  Max: 11","numeric":266}
1412002581 [MESSAGE] {"hostname":"","target":"kiwi_","msg":"*** Raw I/O logging is enabled on this server. All messages, passwords, and commands are being recorded."}
1412002581 [NOTICE] {"from_server":true,"nick":"fresa.chatsfree.net","ident":"","hostname":"","target":"kiwi_","msg":"chat-smc.gqs.0vgv7k.IP is now your displayed host","numeric":396}
1412002581 [NOTICE] {"from_server":false,"nick":"NickServ","ident":"services","hostname":"services.host","target":"kiwi_","msg":"Your nickname is not registered. To register it, visit : http://www.chatsfree.net/register"}
1412002581 [JOIN] {"nick":"kiwi_","ident":"kiwi_","hostname":"chat-smc.gqs.0vgv7k.IP","channel":"#chatsfree"}
1412002796 [NOTICE] {"from_server":true,"nick":"fresa.chatsfree.net","ident":"","hostname":"","target":"kiwi_","msg":" Your host is fresa.chatsfree.net, running version InspIRCd-2.0","numeric":2}
1412002796 [NOTICE] {"from_server":true,"nick":"fresa.chatsfree.net","ident":"","hostname":"","target":"kiwi_","msg":"fresa.chatsfree.net, InspIRCd-2.0, IRiorswx, MRbiklmnoprstvw bklovw","numeric":4}
1412002796 [NOTICE] {"from_server":true,"nick":"fresa.chatsfree.net","ident":"","hostname":"","target":"kiwi_","msg":" There are 7 users and 0 invisible on 2 servers","numeric":251}
1412002796 [NOTICE] {"from_server":true,"nick":"fresa.chatsfree.net","ident":"","hostname":"","target":"kiwi_","msg":"1 channels formed","numeric":254}
1412002796 [NOTICE] {"from_server":true,"nick":"fresa.chatsfree.net","ident":"","hostname":"","target":"kiwi_","msg":" I have 1 clients and 1 servers","numeric":255}
1412002796 [NOTICE] {"from_server":true,"nick":"fresa.chatsfree.net","ident":"","hostname":"","target":"kiwi_","msg":" Current Local Users: 1  Max: 5","numeric":265}
1412002796 [NOTICE] {"from_server":true,"nick":"fresa.chatsfree.net","ident":"","hostname":"","target":"kiwi_","msg":" Current Global Users: 7  Max: 11","numeric":266}
1412002796 [MESSAGE] {"hostname":"","target":"kiwi_","msg":"*** Raw I/O logging is enabled on this server. All messages, passwords, and commands are being recorded."}
1412002796 [NOTICE] {"from_server":true,"nick":"fresa.chatsfree.net","ident":"","hostname":"","target":"kiwi_","msg":"chat-smc.gqs.0vgv7k.IP is now your displayed host","numeric":396}
1412002796 [NOTICE] {"from_server":false,"nick":"NickServ","ident":"services","hostname":"services.host","target":"kiwi_","msg":"Your nickname is not registered. To register it, visit : http://www.chatsfree.net/register"}
1412002796 [JOIN] {"nick":"kiwi_","ident":"kiwi_","hostname":"chat-smc.gqs.0vgv7k.IP","channel":"#chatsfree"}
1412002864 [NOTICE] {"from_server":true,"nick":"fresa.chatsfree.net","ident":"","hostname":"","target":"kiwi_","msg":" Your host is fresa.chatsfree.net, running version InspIRCd-2.0","numeric":2}
1412002864 [NOTICE] {"from_server":true,"nick":"fresa.chatsfree.net","ident":"","hostname":"","target":"kiwi_","msg":"fresa.chatsfree.net, InspIRCd-2.0, IRiorswx, MRbiklmnoprstvw bklovw","numeric":4}
1412002864 [NOTICE] {"from_server":true,"nick":"fresa.chatsfree.net","ident":"","hostname":"","target":"kiwi_","msg":" There are 7 users and 0 invisible on 2 servers","numeric":251}
1412002864 [NOTICE] {"from_server":true,"nick":"fresa.chatsfree.net","ident":"","hostname":"","target":"kiwi_","msg":"1 channels formed","numeric":254}
1412002864 [NOTICE] {"from_server":true,"nick":"fresa.chatsfree.net","ident":"","hostname":"","target":"kiwi_","msg":" I have 1 clients and 1 servers","numeric":255}
1412002864 [NOTICE] {"from_server":true,"nick":"fresa.chatsfree.net","ident":"","hostname":"","target":"kiwi_","msg":" Current Local Users: 1  Max: 5","numeric":265}
1412002864 [NOTICE] {"from_server":true,"nick":"fresa.chatsfree.net","ident":"","hostname":"","target":"kiwi_","msg":" Current Global Users: 7  Max: 11","numeric":266}
1412002864 [MESSAGE] {"hostname":"","target":"kiwi_","msg":"*** Raw I/O logging is enabled on this server. All messages, passwords, and commands are being recorded."}
1412002864 [NOTICE] {"from_server":true,"nick":"fresa.chatsfree.net","ident":"","hostname":"","target":"kiwi_","msg":"chat-smc.gqs.0vgv7k.IP is now your displayed host","numeric":396}
1412002864 [NOTICE] {"from_server":false,"nick":"NickServ","ident":"services","hostname":"services.host","target":"kiwi_","msg":"Your nickname is not registered. To register it, visit : http://www.chatsfree.net/register"}
1412002864 [JOIN] {"nick":"kiwi_","ident":"kiwi_","hostname":"chat-smc.gqs.0vgv7k.IP","channel":"#chatsfree"}
1412003024 [NOTICE] {"from_server":true,"nick":"fresa.chatsfree.net","ident":"","hostname":"","target":"kiwi_","msg":" Your host is fresa.chatsfree.net, running version InspIRCd-2.0","numeric":2}
1412003024 [NOTICE] {"from_server":true,"nick":"fresa.chatsfree.net","ident":"","hostname":"","target":"kiwi_","msg":"fresa.chatsfree.net, InspIRCd-2.0, IRiorswx, MRbiklmnoprstvw bklovw","numeric":4}
1412003024 [NOTICE] {"from_server":true,"nick":"fresa.chatsfree.net","ident":"","hostname":"","target":"kiwi_","msg":" There are 7 users and 0 invisible on 2 servers","numeric":251}
1412003024 [NOTICE] {"from_server":true,"nick":"fresa.chatsfree.net","ident":"","hostname":"","target":"kiwi_","msg":"1 channels formed","numeric":254}
1412003024 [NOTICE] {"from_server":true,"nick":"fresa.chatsfree.net","ident":"","hostname":"","target":"kiwi_","msg":" I have 1 clients and 1 servers","numeric":255}
1412003024 [NOTICE] {"from_server":true,"nick":"fresa.chatsfree.net","ident":"","hostname":"","target":"kiwi_","msg":" Current Local Users: 1  Max: 5","numeric":265}
1412003024 [NOTICE] {"from_server":true,"nick":"fresa.chatsfree.net","ident":"","hostname":"","target":"kiwi_","msg":" Current Global Users: 7  Max: 11","numeric":266}
1412003024 [MESSAGE] {"hostname":"","target":"kiwi_","msg":"*** Raw I/O logging is enabled on this server. All messages, passwords, and commands are being recorded."}
1412003024 [NOTICE] {"from_server":true,"nick":"fresa.chatsfree.net","ident":"","hostname":"","target":"kiwi_","msg":"chat-smc.gqs.0vgv7k.IP is now your displayed host","numeric":396}
1412003024 [NOTICE] {"from_server":false,"nick":"NickServ","ident":"services","hostname":"services.host","target":"kiwi_","msg":"Your nickname is not registered. To register it, visit : http://www.chatsfree.net/register"}
1412003024 [JOIN] {"nick":"kiwi_","ident":"kiwi_","hostname":"chat-smc.gqs.0vgv7k.IP","channel":"#chatsfree"}
1412003191 [NOTICE] {"from_server":true,"nick":"fresa.chatsfree.net","ident":"","hostname":"","target":"kiwi_","msg":" Your host is fresa.chatsfree.net, running version InspIRCd-2.0","numeric":2}
1412003191 [NOTICE] {"from_server":true,"nick":"fresa.chatsfree.net","ident":"","hostname":"","target":"kiwi_","msg":"fresa.chatsfree.net, InspIRCd-2.0, IRiorswx, MRbiklmnoprstvw bklovw","numeric":4}
1412003191 [NOTICE] {"from_server":true,"nick":"fresa.chatsfree.net","ident":"","hostname":"","target":"kiwi_","msg":" There are 7 users and 0 invisible on 2 servers","numeric":251}
1412003191 [NOTICE] {"from_server":true,"nick":"fresa.chatsfree.net","ident":"","hostname":"","target":"kiwi_","msg":"1 channels formed","numeric":254}
1412003191 [NOTICE] {"from_server":true,"nick":"fresa.chatsfree.net","ident":"","hostname":"","target":"kiwi_","msg":" I have 1 clients and 1 servers","numeric":255}
1412003191 [NOTICE] {"from_server":true,"nick":"fresa.chatsfree.net","ident":"","hostname":"","target":"kiwi_","msg":" Current Local Users: 1  Max: 5","numeric":265}
1412003191 [NOTICE] {"from_server":true,"nick":"fresa.chatsfree.net","ident":"","hostname":"","target":"kiwi_","msg":" Current Global Users: 7  Max: 11","numeric":266}
1412003191 [MESSAGE] {"hostname":"","target":"kiwi_","msg":"*** Raw I/O logging is enabled on this server. All messages, passwords, and commands are being recorded."}
1412003191 [NOTICE] {"from_server":true,"nick":"fresa.chatsfree.net","ident":"","hostname":"","target":"kiwi_","msg":"chat-smc.gqs.0vgv7k.IP is now your displayed host","numeric":396}
1412003191 [NOTICE] {"from_server":false,"nick":"NickServ","ident":"services","hostname":"services.host","target":"kiwi_","msg":"Your nickname is not registered. To register it, visit : http://www.chatsfree.net/register"}
1412003191 [JOIN] {"nick":"kiwi_","ident":"kiwi_","hostname":"chat-smc.gqs.0vgv7k.IP","channel":"#chatsfree"}
1412003279 [NOTICE] {"from_server":true,"nick":"fresa.chatsfree.net","ident":"","hostname":"","target":"kiwi_","msg":" Your host is fresa.chatsfree.net, running version InspIRCd-2.0","numeric":2}
1412003279 [NOTICE] {"from_server":true,"nick":"fresa.chatsfree.net","ident":"","hostname":"","target":"kiwi_","msg":"fresa.chatsfree.net, InspIRCd-2.0, IRiorswx, MRbiklmnoprstvw bklovw","numeric":4}
1412003279 [NOTICE] {"from_server":true,"nick":"fresa.chatsfree.net","ident":"","hostname":"","target":"kiwi_","msg":" There are 7 users and 0 invisible on 2 servers","numeric":251}
1412003279 [NOTICE] {"from_server":true,"nick":"fresa.chatsfree.net","ident":"","hostname":"","target":"kiwi_","msg":"1 channels formed","numeric":254}
1412003279 [NOTICE] {"from_server":true,"nick":"fresa.chatsfree.net","ident":"","hostname":"","target":"kiwi_","msg":" I have 1 clients and 1 servers","numeric":255}
1412003279 [NOTICE] {"from_server":true,"nick":"fresa.chatsfree.net","ident":"","hostname":"","target":"kiwi_","msg":" Current Local Users: 1  Max: 5","numeric":265}
1412003279 [NOTICE] {"from_server":true,"nick":"fresa.chatsfree.net","ident":"","hostname":"","target":"kiwi_","msg":" Current Global Users: 7  Max: 11","numeric":266}
1412003279 [MESSAGE] {"hostname":"","target":"kiwi_","msg":"*** Raw I/O logging is enabled on this server. All messages, passwords, and commands are being recorded."}
1412003279 [NOTICE] {"from_server":true,"nick":"fresa.chatsfree.net","ident":"","hostname":"","target":"kiwi_","msg":"chat-smc.gqs.0vgv7k.IP is now your displayed host","numeric":396}
1412003279 [NOTICE] {"from_server":false,"nick":"NickServ","ident":"services","hostname":"services.host","target":"kiwi_","msg":"Your nickname is not registered. To register it, visit : http://www.chatsfree.net/register"}
1412003280 [JOIN] {"nick":"kiwi_","ident":"kiwi_","hostname":"chat-smc.gqs.0vgv7k.IP","channel":"#chatsfree"}
1412003665 [NOTICE] {"from_server":true,"nick":"fresa.chatsfree.net","ident":"","hostname":"","target":"kiwi_","msg":" Your host is fresa.chatsfree.net, running version InspIRCd-2.0","numeric":2}
1412003665 [NOTICE] {"from_server":true,"nick":"fresa.chatsfree.net","ident":"","hostname":"","target":"kiwi_","msg":"fresa.chatsfree.net, InspIRCd-2.0, IRiorswx, MRbiklmnoprstvw bklovw","numeric":4}
1412003665 [NOTICE] {"from_server":true,"nick":"fresa.chatsfree.net","ident":"","hostname":"","target":"kiwi_","msg":" There are 7 users and 0 invisible on 2 servers","numeric":251}
1412003665 [NOTICE] {"from_server":true,"nick":"fresa.chatsfree.net","ident":"","hostname":"","target":"kiwi_","msg":"1 channels formed","numeric":254}
1412003665 [NOTICE] {"from_server":true,"nick":"fresa.chatsfree.net","ident":"","hostname":"","target":"kiwi_","msg":" I have 1 clients and 1 servers","numeric":255}
1412003665 [NOTICE] {"from_server":true,"nick":"fresa.chatsfree.net","ident":"","hostname":"","target":"kiwi_","msg":" Current Local Users: 1  Max: 5","numeric":265}
1412003665 [NOTICE] {"from_server":true,"nick":"fresa.chatsfree.net","ident":"","hostname":"","target":"kiwi_","msg":" Current Global Users: 7  Max: 11","numeric":266}
1412003665 [MESSAGE] {"hostname":"","target":"kiwi_","msg":"*** Raw I/O logging is enabled on this server. All messages, passwords, and commands are being recorded."}
1412003665 [NOTICE] {"from_server":true,"nick":"fresa.chatsfree.net","ident":"","hostname":"","target":"kiwi_","msg":"chat-smc.gqs.0vgv7k.IP is now your displayed host","numeric":396}
1412003665 [NOTICE] {"from_server":false,"nick":"NickServ","ident":"services","hostname":"services.host","target":"kiwi_","msg":"Your nickname is not registered. To register it, visit : http://www.chatsfree.net/register"}
1412003665 [JOIN] {"nick":"kiwi_","ident":"kiwi_","hostname":"chat-smc.gqs.0vgv7k.IP","channel":"#chatsfree"}
1412003744 [NOTICE] {"from_server":true,"nick":"fresa.chatsfree.net","ident":"","hostname":"","target":"kiwi_","msg":" Your host is fresa.chatsfree.net, running version InspIRCd-2.0","numeric":2}
1412003744 [NOTICE] {"from_server":true,"nick":"fresa.chatsfree.net","ident":"","hostname":"","target":"kiwi_","msg":"fresa.chatsfree.net, InspIRCd-2.0, IRiorswx, MRbiklmnoprstvw bklovw","numeric":4}
1412003744 [NOTICE] {"from_server":true,"nick":"fresa.chatsfree.net","ident":"","hostname":"","target":"kiwi_","msg":" There are 7 users and 0 invisible on 2 servers","numeric":251}
1412003744 [NOTICE] {"from_server":true,"nick":"fresa.chatsfree.net","ident":"","hostname":"","target":"kiwi_","msg":"1 channels formed","numeric":254}
1412003744 [NOTICE] {"from_server":true,"nick":"fresa.chatsfree.net","ident":"","hostname":"","target":"kiwi_","msg":" I have 1 clients and 1 servers","numeric":255}
1412003744 [NOTICE] {"from_server":true,"nick":"fresa.chatsfree.net","ident":"","hostname":"","target":"kiwi_","msg":" Current Local Users: 1  Max: 5","numeric":265}
1412003744 [NOTICE] {"from_server":true,"nick":"fresa.chatsfree.net","ident":"","hostname":"","target":"kiwi_","msg":" Current Global Users: 7  Max: 11","numeric":266}
1412003744 [MESSAGE] {"hostname":"","target":"kiwi_","msg":"*** Raw I/O logging is enabled on this server. All messages, passwords, and commands are being recorded."}
1412003744 [NOTICE] {"from_server":true,"nick":"fresa.chatsfree.net","ident":"","hostname":"","target":"kiwi_","msg":"chat-smc.gqs.0vgv7k.IP is now your displayed host","numeric":396}
1412003745 [NOTICE] {"from_server":false,"nick":"NickServ","ident":"services","hostname":"services.host","target":"kiwi_","msg":"Your nickname is not registered. To register it, visit : http://www.chatsfree.net/register"}
1412003745 [JOIN] {"nick":"kiwi_","ident":"kiwi_","hostname":"chat-smc.gqs.0vgv7k.IP","channel":"#chatsfree"}
1412003839 [NOTICE] {"from_server":true,"nick":"fresa.chatsfree.net","ident":"","hostname":"","target":"kiwi_","msg":" Your host is fresa.chatsfree.net, running version InspIRCd-2.0","numeric":2}
1412003839 [NOTICE] {"from_server":true,"nick":"fresa.chatsfree.net","ident":"","hostname":"","target":"kiwi_","msg":"fresa.chatsfree.net, InspIRCd-2.0, IRiorswx, MRbiklmnoprstvw bklovw","numeric":4}
1412003839 [NOTICE] {"from_server":true,"nick":"fresa.chatsfree.net","ident":"","hostname":"","target":"kiwi_","msg":" There are 7 users and 0 invisible on 2 servers","numeric":251}
1412003839 [NOTICE] {"from_server":true,"nick":"fresa.chatsfree.net","ident":"","hostname":"","target":"kiwi_","msg":"1 channels formed","numeric":254}
1412003839 [NOTICE] {"from_server":true,"nick":"fresa.chatsfree.net","ident":"","hostname":"","target":"kiwi_","msg":" I have 1 clients and 1 servers","numeric":255}
1412003839 [NOTICE] {"from_server":true,"nick":"fresa.chatsfree.net","ident":"","hostname":"","target":"kiwi_","msg":" Current Local Users: 1  Max: 5","numeric":265}
1412003839 [NOTICE] {"from_server":true,"nick":"fresa.chatsfree.net","ident":"","hostname":"","target":"kiwi_","msg":" Current Global Users: 7  Max: 11","numeric":266}
1412003839 [MESSAGE] {"hostname":"","target":"kiwi_","msg":"*** Raw I/O logging is enabled on this server. All messages, passwords, and commands are being recorded."}
1412003839 [NOTICE] {"from_server":true,"nick":"fresa.chatsfree.net","ident":"","hostname":"","target":"kiwi_","msg":"chat-smc.gqs.0vgv7k.IP is now your displayed host","numeric":396}
1412003839 [NOTICE] {"from_server":false,"nick":"NickServ","ident":"services","hostname":"services.host","target":"kiwi_","msg":"Your nickname is not registered. To register it, visit : http://www.chatsfree.net/register"}
1412003839 [JOIN] {"nick":"kiwi_","ident":"kiwi_","hostname":"chat-smc.gqs.0vgv7k.IP","channel":"#chatsfree"}
1412004104 [NOTICE] {"from_server":true,"nick":"fresa.chatsfree.net","ident":"","hostname":"","target":"kiwi_","msg":" Your host is fresa.chatsfree.net, running version InspIRCd-2.0","numeric":2}
1412004104 [NOTICE] {"from_server":true,"nick":"fresa.chatsfree.net","ident":"","hostname":"","target":"kiwi_","msg":"fresa.chatsfree.net, InspIRCd-2.0, IRiorswx, MRbiklmnoprstvw bklovw","numeric":4}
1412004104 [NOTICE] {"from_server":true,"nick":"fresa.chatsfree.net","ident":"","hostname":"","target":"kiwi_","msg":" There are 7 users and 0 invisible on 2 servers","numeric":251}
1412004104 [NOTICE] {"from_server":true,"nick":"fresa.chatsfree.net","ident":"","hostname":"","target":"kiwi_","msg":"1 channels formed","numeric":254}
1412004104 [NOTICE] {"from_server":true,"nick":"fresa.chatsfree.net","ident":"","hostname":"","target":"kiwi_","msg":" I have 1 clients and 1 servers","numeric":255}
1412004104 [NOTICE] {"from_server":true,"nick":"fresa.chatsfree.net","ident":"","hostname":"","target":"kiwi_","msg":" Current Local Users: 1  Max: 5","numeric":265}
1412004104 [NOTICE] {"from_server":true,"nick":"fresa.chatsfree.net","ident":"","hostname":"","target":"kiwi_","msg":" Current Global Users: 7  Max: 11","numeric":266}
1412004104 [MESSAGE] {"hostname":"","target":"kiwi_","msg":"*** Raw I/O logging is enabled on this server. All messages, passwords, and commands are being recorded."}
1412004104 [NOTICE] {"from_server":true,"nick":"fresa.chatsfree.net","ident":"","hostname":"","target":"kiwi_","msg":"chat-smc.gqs.0vgv7k.IP is now your displayed host","numeric":396}
1412004104 [NOTICE] {"from_server":false,"nick":"NickServ","ident":"services","hostname":"services.host","target":"kiwi_","msg":"Your nickname is not registered. To register it, visit : http://www.chatsfree.net/register"}
1412004104 [JOIN] {"nick":"kiwi_","ident":"kiwi_","hostname":"chat-smc.gqs.0vgv7k.IP","channel":"#chatsfree"}
1412004630 [NOTICE] {"from_server":true,"nick":"fresa.chatsfree.net","ident":"","hostname":"","target":"kiwi_","msg":" Your host is fresa.chatsfree.net, running version InspIRCd-2.0","numeric":2}
1412004630 [NOTICE] {"from_server":true,"nick":"fresa.chatsfree.net","ident":"","hostname":"","target":"kiwi_","msg":"fresa.chatsfree.net, InspIRCd-2.0, IRiorswx, MRbiklmnoprstvw bklovw","numeric":4}
1412004630 [NOTICE] {"from_server":true,"nick":"fresa.chatsfree.net","ident":"","hostname":"","target":"kiwi_","msg":" There are 7 users and 0 invisible on 2 servers","numeric":251}
1412004630 [NOTICE] {"from_server":true,"nick":"fresa.chatsfree.net","ident":"","hostname":"","target":"kiwi_","msg":"1 channels formed","numeric":254}
1412004630 [NOTICE] {"from_server":true,"nick":"fresa.chatsfree.net","ident":"","hostname":"","target":"kiwi_","msg":" I have 1 clients and 1 servers","numeric":255}
1412004630 [NOTICE] {"from_server":true,"nick":"fresa.chatsfree.net","ident":"","hostname":"","target":"kiwi_","msg":" Current Local Users: 1  Max: 5","numeric":265}
1412004630 [NOTICE] {"from_server":true,"nick":"fresa.chatsfree.net","ident":"","hostname":"","target":"kiwi_","msg":" Current Global Users: 7  Max: 11","numeric":266}
1412004630 [MESSAGE] {"hostname":"","target":"kiwi_","msg":"*** Raw I/O logging is enabled on this server. All messages, passwords, and commands are being recorded."}
1412004630 [NOTICE] {"from_server":true,"nick":"fresa.chatsfree.net","ident":"","hostname":"","target":"kiwi_","msg":"chat-smc.gqs.0vgv7k.IP is now your displayed host","numeric":396}
1412004630 [NOTICE] {"from_server":false,"nick":"NickServ","ident":"services","hostname":"services.host","target":"kiwi_","msg":"Your nickname is not registered. To register it, visit : http://www.chatsfree.net/register"}
1412004630 [JOIN] {"nick":"kiwi_","ident":"kiwi_","hostname":"chat-smc.gqs.0vgv7k.IP","channel":"#chatsfree"}
